<?xml version="1.0" encoding="UTF-8"?>
<testsuite name="CalculatorTest" tests="1" skipped="0" failures="0" errors="0" timestamp="2023-06-01T00:38:05" hostname="MacBook-Pro-7.local" time="0.421">
  <properties/>
  <testcase name="addTest()" classname="CalculatorTest" time="0.421"/>
  <system-out><![CDATA[]]></system-out>
  <system-err><![CDATA[]]></system-err>
</testsuite>
