<?xml version="1.0" encoding="UTF-8"?>
<testsuite name="MoneyTest" tests="1" skipped="0" failures="0" errors="0" timestamp="2023-05-10T02:34:52" hostname="MacBook-Pro-7.local" time="0.025">
  <properties/>
  <testcase name="testAddMoney()" classname="MoneyTest" time="0.025"/>
  <system-out><![CDATA[]]></system-out>
  <system-err><![CDATA[]]></system-err>
</testsuite>
