<?xml version="1.0" encoding="UTF-8"?>
<testsuite name="과락한 경우" tests="4" skipped="0" failures="0" errors="0" timestamp="2023-05-11T04:32:37" hostname="MacBook-Pro-7.local" time="0.014">
  <properties/>
  <testcase name="A 과목 성적 49과 B 과목 성적 60은 과락이다" classname="PassOrNotWithBvaTest$WhenPassed$WhenMissedCutScore" time="0.002"/>
  <testcase name="A 과목 성적 60과 B 과목 성적 49은 과락이다" classname="PassOrNotWithBvaTest$WhenPassed$WhenMissedCutScore" time="0.002"/>
  <testcase name="A 과목 성적 0과 B 과목 성적 60은 과락이다" classname="PassOrNotWithBvaTest$WhenPassed$WhenMissedCutScore" time="0.0"/>
  <testcase name="A 과목 성적 60과 B 과목 성적 0은 과락이다" classname="PassOrNotWithBvaTest$WhenPassed$WhenMissedCutScore" time="0.001"/>
  <system-out><![CDATA[]]></system-out>
  <system-err><![CDATA[]]></system-err>
</testsuite>
