<?xml version="1.0" encoding="UTF-8"?>
<testsuite name="InvalidRangeException 예외 생성" tests="4" skipped="0" failures="0" errors="0" timestamp="2023-05-11T04:32:37" hostname="MacBook-Pro-7.local" time="0.01">
  <properties/>
  <testcase name="A 과목 성적 -1과 B 과목 성적 60은 실패이다" classname="PassOrNotWithBvaTest$WhenPassed$WhenInvalidRangeExceptionThrows" time="0.002"/>
  <testcase name="A 과목 성적 60과 B 과목 성적 -1은 실패이다" classname="PassOrNotWithBvaTest$WhenPassed$WhenInvalidRangeExceptionThrows" time="0.001"/>
  <testcase name="A 과목 성적 101과 B 과목 성적 60은 실패이다" classname="PassOrNotWithBvaTest$WhenPassed$WhenInvalidRangeExceptionThrows" time="0.001"/>
  <testcase name="A 과목 성적 60과 B 과목 성적 101은 실패이다" classname="PassOrNotWithBvaTest$WhenPassed$WhenInvalidRangeExceptionThrows" time="0.001"/>
  <system-out><![CDATA[]]></system-out>
  <system-err><![CDATA[]]></system-err>
</testsuite>
