<?xml version="1.0" encoding="UTF-8"?>
<testsuite name="CartTest" tests="1" skipped="0" failures="0" errors="0" timestamp="2023-05-17T01:11:31" hostname="MacBook-Pro-7.local" time="0.396">
  <properties/>
  <testcase name="단품 구매" classname="CartTest" time="0.396"/>
  <system-out><![CDATA[]]></system-out>
  <system-err><![CDATA[]]></system-err>
</testsuite>
